<?xml version="1.0" encoding="utf-8"?><testsuites name="pytest tests"><testsuite name="pytest" errors="0" failures="0" skipped="0" tests="19" time="4.712" timestamp="2026-02-24T05:21:50.309737+00:00" hostname="agent-env-5d1863cc-2195-459b-86ee-c5b74cc1ba38"><testcase classname="backend.tests.test_renergizr.TestAuth" name="test_admin_login" time="0.442" /><testcase classname="backend.tests.test_renergizr.TestAuth" name="test_client_login" time="0.337" /><testcase classname="backend.tests.test_renergizr.TestAuth" name="test_vendor_login" time="0.327" /><testcase classname="backend.tests.test_renergizr.TestAuth" name="test_invalid_login" time="0.151" /><testcase classname="backend.tests.test_renergizr.TestAuth" name="test_get_me" time="0.495" /><testcase classname="backend.tests.test_renergizr.TestAuth" name="test_register_new_client" time="0.329" /><testcase classname="backend.tests.test_renergizr.TestRFQs" name="test_list_rfqs_client" time="0.430" /><testcase classname="backend.tests.test_renergizr.TestRFQs" name="test_list_rfqs_unauthenticated" time="0.100" /><testcase classname="backend.tests.test_renergizr.TestRFQs" name="test_create_rfq" time="0.107" /><testcase classname="backend.tests.test_renergizr.TestRFQs" name="test_get_rfq" time="0.209" /><testcase classname="backend.tests.test_renergizr.TestRFQs" name="test_vendor_sees_open_rfqs" time="0.430" /><testcase classname="backend.tests.test_renergizr.TestVendor" name="test_get_vendor_profile" time="0.100" /><testcase classname="backend.tests.test_renergizr.TestVendor" name="test_get_vendor_bids" time="0.112" /><testcase classname="backend.tests.test_renergizr.TestVendor" name="test_vendor_profile_client_forbidden" time="0.108" /><testcase classname="backend.tests.test_renergizr.TestAdmin" name="test_admin_analytics" time="0.420" /><testcase classname="backend.tests.test_renergizr.TestAdmin" name="test_admin_list_users" time="0.111" /><testcase classname="backend.tests.test_renergizr.TestAdmin" name="test_admin_list_vendors" time="0.103" /><testcase classname="backend.tests.test_renergizr.TestAdmin" name="test_admin_list_rfqs" time="0.190" /><testcase classname="backend.tests.test_renergizr.TestAdmin" name="test_non_admin_blocked" time="0.098" /></testsuite></testsuites>